Determining if the pthread_create exist failed with the following output:
Change Dir: /home/wh0ami/wCoin/build/debug/CMakeFiles/CMakeTmp

Run Build Command:"/usr/bin/make" "cmTC_43858/fast"
/usr/bin/make -f CMakeFiles/cmTC_43858.dir/build.make CMakeFiles/cmTC_43858.dir/build
make[1]: Entering directory '/home/wh0ami/wCoin/build/debug/CMakeFiles/CMakeTmp'
Building C object CMakeFiles/cmTC_43858.dir/CheckSymbolExists.c.o
/usr/bin/gcc    -std=c11  -Wall -Wextra  -Werror=terminate -Wpointer-arith -Wundef -Wvla -Wwrite-strings -Werror -Wno-error=extra -Wno-error=unused-function -Wno-error=deprecated-declarations -Wno-error=sign-compare -Wno-error=strict-aliasing -Wno-error=type-limits -Wno-unused-parameter -Wno-error=unused-variable -Wno-error=undef -Wno-error=uninitialized -Wno-error=unused-result -Wlogical-op -Wno-error=maybe-uninitialized -Wno-error=clobbered -Wno-error=unused-but-set-variable -Wno-error=odr -Waggregate-return -Wnested-externs -Wold-style-definition -Wstrict-prototypes -march=native -maes    -o CMakeFiles/cmTC_43858.dir/CheckSymbolExists.c.o   -c /home/wh0ami/wCoin/build/debug/CMakeFiles/CMakeTmp/CheckSymbolExists.c
Linking C executable cmTC_43858
/usr/bin/cmake -E cmake_link_script CMakeFiles/cmTC_43858.dir/link.txt --verbose=1
/usr/bin/gcc   -std=c11  -Wall -Wextra  -Werror=terminate -Wpointer-arith -Wundef -Wvla -Wwrite-strings -Werror -Wno-error=extra -Wno-error=unused-function -Wno-error=deprecated-declarations -Wno-error=sign-compare -Wno-error=strict-aliasing -Wno-error=type-limits -Wno-unused-parameter -Wno-error=unused-variable -Wno-error=undef -Wno-error=uninitialized -Wno-error=unused-result -Wlogical-op -Wno-error=maybe-uninitialized -Wno-error=clobbered -Wno-error=unused-but-set-variable -Wno-error=odr -Waggregate-return -Wnested-externs -Wold-style-definition -Wstrict-prototypes -march=native -maes     CMakeFiles/cmTC_43858.dir/CheckSymbolExists.c.o  -o cmTC_43858 -rdynamic 
CMakeFiles/cmTC_43858.dir/CheckSymbolExists.c.o: In function `main':
CheckSymbolExists.c:(.text+0x1b): undefined reference to `pthread_create'
collect2: error: ld returned 1 exit status
CMakeFiles/cmTC_43858.dir/build.make:97: recipe for target 'cmTC_43858' failed
make[1]: *** [cmTC_43858] Error 1
make[1]: Leaving directory '/home/wh0ami/wCoin/build/debug/CMakeFiles/CMakeTmp'
Makefile:126: recipe for target 'cmTC_43858/fast' failed
make: *** [cmTC_43858/fast] Error 2

File /home/wh0ami/wCoin/build/debug/CMakeFiles/CMakeTmp/CheckSymbolExists.c:
/* */
#include <pthread.h>

int main(int argc, char** argv)
{
  (void)argv;
#ifndef pthread_create
  return ((int*)(&pthread_create))[argc];
#else
  (void)argc;
  return 0;
#endif
}

Determining if the function pthread_create exists in the pthreads failed with the following output:
Change Dir: /home/wh0ami/wCoin/build/debug/CMakeFiles/CMakeTmp

Run Build Command:"/usr/bin/make" "cmTC_f232e/fast"
/usr/bin/make -f CMakeFiles/cmTC_f232e.dir/build.make CMakeFiles/cmTC_f232e.dir/build
make[1]: Entering directory '/home/wh0ami/wCoin/build/debug/CMakeFiles/CMakeTmp'
Building C object CMakeFiles/cmTC_f232e.dir/CheckFunctionExists.c.o
/usr/bin/gcc    -std=c11  -Wall -Wextra  -Werror=terminate -Wpointer-arith -Wundef -Wvla -Wwrite-strings -Werror -Wno-error=extra -Wno-error=unused-function -Wno-error=deprecated-declarations -Wno-error=sign-compare -Wno-error=strict-aliasing -Wno-error=type-limits -Wno-unused-parameter -Wno-error=unused-variable -Wno-error=undef -Wno-error=uninitialized -Wno-error=unused-result -Wlogical-op -Wno-error=maybe-uninitialized -Wno-error=clobbered -Wno-error=unused-but-set-variable -Wno-error=odr -Waggregate-return -Wnested-externs -Wold-style-definition -Wstrict-prototypes -march=native -maes -DCHECK_FUNCTION_EXISTS=pthread_create   -o CMakeFiles/cmTC_f232e.dir/CheckFunctionExists.c.o   -c /usr/share/cmake-3.7/Modules/CheckFunctionExists.c
/usr/share/cmake-3.7/Modules/CheckFunctionExists.c:7:3: error: function declaration isn’t a prototype [-Werror=strict-prototypes]
   CHECK_FUNCTION_EXISTS();
   ^~~~~~~~~~~~~~~~~~~~~
cc1: all warnings being treated as errors
CMakeFiles/cmTC_f232e.dir/build.make:65: recipe for target 'CMakeFiles/cmTC_f232e.dir/CheckFunctionExists.c.o' failed
make[1]: *** [CMakeFiles/cmTC_f232e.dir/CheckFunctionExists.c.o] Error 1
make[1]: Leaving directory '/home/wh0ami/wCoin/build/debug/CMakeFiles/CMakeTmp'
Makefile:126: recipe for target 'cmTC_f232e/fast' failed
make: *** [cmTC_f232e/fast] Error 2


Determining if the function pthread_create exists in the pthread failed with the following output:
Change Dir: /home/wh0ami/wCoin/build/debug/CMakeFiles/CMakeTmp

Run Build Command:"/usr/bin/make" "cmTC_17f5b/fast"
/usr/bin/make -f CMakeFiles/cmTC_17f5b.dir/build.make CMakeFiles/cmTC_17f5b.dir/build
make[1]: Entering directory '/home/wh0ami/wCoin/build/debug/CMakeFiles/CMakeTmp'
Building C object CMakeFiles/cmTC_17f5b.dir/CheckFunctionExists.c.o
/usr/bin/gcc    -std=c11  -Wall -Wextra  -Werror=terminate -Wpointer-arith -Wundef -Wvla -Wwrite-strings -Werror -Wno-error=extra -Wno-error=unused-function -Wno-error=deprecated-declarations -Wno-error=sign-compare -Wno-error=strict-aliasing -Wno-error=type-limits -Wno-unused-parameter -Wno-error=unused-variable -Wno-error=undef -Wno-error=uninitialized -Wno-error=unused-result -Wlogical-op -Wno-error=maybe-uninitialized -Wno-error=clobbered -Wno-error=unused-but-set-variable -Wno-error=odr -Waggregate-return -Wnested-externs -Wold-style-definition -Wstrict-prototypes -march=native -maes -DCHECK_FUNCTION_EXISTS=pthread_create   -o CMakeFiles/cmTC_17f5b.dir/CheckFunctionExists.c.o   -c /usr/share/cmake-3.7/Modules/CheckFunctionExists.c
/usr/share/cmake-3.7/Modules/CheckFunctionExists.c:7:3: error: function declaration isn’t a prototype [-Werror=strict-prototypes]
   CHECK_FUNCTION_EXISTS();
   ^~~~~~~~~~~~~~~~~~~~~
cc1: all warnings being treated as errors
CMakeFiles/cmTC_17f5b.dir/build.make:65: recipe for target 'CMakeFiles/cmTC_17f5b.dir/CheckFunctionExists.c.o' failed
make[1]: *** [CMakeFiles/cmTC_17f5b.dir/CheckFunctionExists.c.o] Error 1
make[1]: Leaving directory '/home/wh0ami/wCoin/build/debug/CMakeFiles/CMakeTmp'
Makefile:126: recipe for target 'cmTC_17f5b/fast' failed
make: *** [cmTC_17f5b/fast] Error 2


